Arguments: 
  /usr/local/Cellar/node/10.11.0/bin/node /usr/local/Cellar/yarn/1.10.0/libexec/bin/yarn.js install --network-timeout 1000000

PATH: 
  /usr/local/bin:/usr/bin:/bin:/usr/sbin:/sbin

Yarn version: 
  1.10.0

Node version: 
  10.11.0

Platform: 
  darwin x64

Trace: 
  Error: https://registry.npmjs.org/express: tunneling socket could not be established, cause=getaddrinfo ENOTFOUND proxy.paytmbank.net proxy.paytmbank.net:8080
      at ClientRequest.onError (/usr/local/Cellar/yarn/1.10.0/libexec/lib/cli.js:132512:17)
      at Object.onceWrapper (events.js:273:13)
      at ClientRequest.emit (events.js:182:13)
      at Socket.socketErrorListener (_http_client.js:391:9)
      at Socket.emit (events.js:182:13)
      at emitErrorNT (internal/streams/destroy.js:82:8)
      at emitErrorAndCloseNT (internal/streams/destroy.js:50:3)
      at process._tickCallback (internal/process/next_tick.js:63:19)

npm manifest: 
  {
    "name": "learn",
    "version": "1.0.0",
    "description": "this is for my sole learning purpose",
    "main": "index.js",
    "scripts": {
      "start": "node src/server/index.js",
      "build": "webpack --mode production",
      "client": "webpack-dev-server --mode development --devtool inline-source-map --hot",
      "server": "nodemon src/server/index.js",
      "dev": "concurrently \"npm run server\" \"npm run client\""
    },
    "repository": {
      "type": "git",
      "url": "git+https://github.com/adroit18/upgrade.git"
    },
    "author": "deepak uniyal",
    "license": "ISC",
    "bugs": {
      "url": "https://github.com/adroit18/upgrade/issues"
    },
    "homepage": "https://github.com/adroit18/upgrade#readme",
    "dependencies": {
      "express": "^4.16.3",
      "node-sass": "^4.9.3",
      "react": "^16.4.1",
      "react-dom": "^16.4.1",
      "react-router-dom": "^4.3.1"
    },
    "devDependencies": {
      "@babel/core": "^7.0.0",
      "@babel/plugin-proposal-class-properties": "^7.0.0",
      "@babel/preset-env": "^7.0.0",
      "@babel/preset-react": "^7.0.0",
      "babel-eslint": "^9.0.0",
      "babel-loader": "^8.0.0",
      "clean-webpack-plugin": "^0.1.19",
      "concurrently": "^4.0.0",
      "css-loader": "^1.0.0",
      "eslint": "^5.0.0",
      "eslint-config-airbnb": "^17.0.0",
      "eslint-plugin-import": "^2.11.0",
      "eslint-plugin-jsx-a11y": "^6.0.3",
      "eslint-plugin-react": "^7.7.0",
      "file-loader": "^1.1.11",
      "html-webpack-plugin": "^3.2.0",
      "nodemon": "^1.17.3",
      "prettier-eslint": "^8.8.2",
      "sass-loader": "^7.1.0",
      "style-loader": "^0.23.0",
      "url-loader": "^1.0.1",
      "webpack": "^4.5.0",
      "webpack-cli": "^3.0.8",
      "webpack-dev-server": "^3.1.3"
    }
  }

yarn manifest: 
  No manifest

Lockfile: 
  No lockfile
